[20:46:27] [main/INFO]: Loading Minecraft 1.21.5 with Fabric Loader 0.16.14
[20:46:27] [main/INFO]: Loading 4 mods:
	- fabricloader 0.16.14
	   \-- mixinextras 0.4.1
	- java 21
	- minecraft 1.21.5
[20:46:27] [main/INFO]: SpongePowered MIXIN Subsystem Version=0.8.7 Source=file:/workspaces/server/servidor_minecraft/libraries/net/fabricmc/sponge-mixin/0.15.5+mixin.0.8.7/sponge-mixin-0.15.5+mixin.0.8.7.jar Service=Knot/Fabric Env=SERVER
[20:46:33] [main/INFO]: Environment: Environment[sessionHost=https://sessionserver.mojang.com, servicesHost=https://api.minecraftservices.com, name=PROD]
[20:46:34] [main/INFO]: No existing world data, creating new world
[20:46:35] [main/INFO]: Loaded 1373 recipes
[20:46:35] [main/INFO]: Loaded 1484 advancements
[20:46:35] [Server thread/INFO]: Starting minecraft server version 1.21.5
[20:46:35] [Server thread/INFO]: Loading properties
[20:46:35] [Server thread/INFO]: Default game type: SURVIVAL
[20:46:35] [Server thread/INFO]: Generating keypair
[20:46:35] [Server thread/INFO]: Starting Minecraft server on *:25565
[20:46:35] [Server thread/INFO]: Using epoll channel type
[20:46:35] [Server thread/WARN]: **** SERVER IS RUNNING IN OFFLINE/INSECURE MODE!
[20:46:35] [Server thread/WARN]: The server will make no attempt to authenticate usernames. Beware.
[20:46:35] [Server thread/WARN]: While this makes the game possible to play without internet access, it also opens up the ability for hackers to connect with any username they choose.
[20:46:35] [Server thread/WARN]: To change this, set "online-mode" to "true" in the server.properties file.
[20:46:35] [Server thread/INFO]: Preparing level "world"
[20:46:42] [Server thread/INFO]: Preparing start region for dimension minecraft:overworld
[20:46:42] [Worker-Main-3/INFO]: Preparing spawn area: 2%
[20:46:42] [Worker-Main-1/INFO]: Preparing spawn area: 2%
[20:46:43] [Worker-Main-2/INFO]: Preparing spawn area: 2%
[20:46:43] [Worker-Main-2/INFO]: Preparing spawn area: 2%
[20:46:44] [Worker-Main-3/INFO]: Preparing spawn area: 2%
[20:46:44] [Worker-Main-3/INFO]: Preparing spawn area: 18%
[20:46:45] [Worker-Main-2/INFO]: Preparing spawn area: 18%
[20:46:45] [Worker-Main-1/INFO]: Preparing spawn area: 18%
[20:46:46] [Worker-Main-2/INFO]: Preparing spawn area: 51%
[20:46:46] [Worker-Main-3/INFO]: Preparing spawn area: 51%
[20:46:47] [Worker-Main-1/INFO]: Preparing spawn area: 51%
[20:46:47] [Server thread/INFO]: Time elapsed: 5344 ms
[20:46:47] [Server thread/INFO]: Done (12.012s)! For help, type "help"
[20:46:47] [Server thread/INFO]: Unknown or incomplete command, see below for error
[20:46:47] [Server thread/INFO]: home/codespace/.python/current/bin/python3 /workspaces/server/msx.py<--[HERE]
[20:47:17] [Server thread/INFO]: GuilleSkv[/127.72.149.130:36475] logged in with entity id 7 at (-7.5, 105.0, -1.5)
[20:47:17] [Server thread/INFO]: GuilleSkv joined the game
[20:47:29] [Server thread/INFO]: GuilleSkv lost connection: Disconnected
[20:47:29] [Server thread/INFO]: GuilleSkv left the game
[20:48:29] [Server thread/INFO]: Server empty for 60 seconds, pausing
[20:48:46] [Server thread/INFO]: GuilleSkv[/127.72.149.130:51983] logged in with entity id 189 at (-1.5, 106.0, 3.5)
[20:48:46] [Server thread/INFO]: GuilleSkv joined the game
[20:48:57] [Server thread/INFO]: GuilleSkv lost connection: Disconnected
[20:48:57] [Server thread/INFO]: GuilleSkv left the game
[20:48:57] [Server thread/WARN]: Failed to save player data for GuilleSkv
